{
  "RSpec": {
    "coverage": {
      "/Users/campuscode04/firma-shop/app/models/user.rb": [
        1,
        null,
        null,
        1,
        null,
        null,
        1,
        null,
        1,
        null,
        1,
        null,
        1,
        1,
        null,
        null,
        1,
        null,
        1,
        1,
        1,
        null,
        null,
        1,
        2,
        null,
        null
      ],
      "/Users/campuscode04/firma-shop/app/models/application_record.rb": [
        1,
        1,
        null
      ],
      "/Users/campuscode04/firma-shop/app/helpers/application_helper.rb": [
        1,
        null
      ],
      "/Users/campuscode04/firma-shop/app/models/company.rb": [
        1,
        1,
        null
      ],
      "/Users/campuscode04/firma-shop/app/controllers/home_controller.rb": [
        1,
        1,
        null
      ],
      "/Users/campuscode04/firma-shop/app/controllers/application_controller.rb": [
        1,
        1,
        null,
        1,
        null,
        1,
        0,
        null,
        null
      ],
      "/Users/campuscode04/firma-shop/app/controllers/product_ads_controller.rb": [
        1,
        1,
        1,
        null,
        null,
        1,
        1,
        1,
        1,
        1,
        1,
        1,
        null,
        null,
        1,
        1,
        null,
        null,
        1,
        null,
        1,
        1,
        null,
        null
      ],
      "/Users/campuscode04/firma-shop/app/models/sales_ad.rb": [
        1,
        null
      ],
      "/Users/campuscode04/firma-shop/app/models/product_ad.rb": [
        1,
        1,
        null
      ],
      "/Users/campuscode04/firma-shop/app/mailers/application_mailer.rb": [
        0,
        0,
        0,
        0
      ]
    },
    "timestamp": 1554253587
  }
}
